<?xml version="1.0" encoding="UTF-8"?>
<!-- Generated by org.testng.reporters.JUnitReportReporter -->
<testsuite hostname="ESLLAP-3041" failures="1" tests="4" name="testNgPractice.ITestListenersDemoTest" time="1.034" errors="1" timestamp="29 Oct 2023 10:17:43 GMT" skipped="1">
  <testcase classname="testNgPractice.ITestListenersDemoTest" name="D" time="0.007"/>
  <testcase classname="testNgPractice.ITestListenersDemoTest" name="E" time="0.006">
    <failure message="expected [null] but found [0]" type="java.lang.AssertionError">
      <![CDATA[java.lang.AssertionError: expected [null] but found [0]
at org.testng.Assert.fail(Assert.java:96)
at org.testng.Assert.failNotEquals(Assert.java:776)
at org.testng.Assert.assertEqualsImpl(Assert.java:132)
at org.testng.Assert.assertEquals(Assert.java:118)
at org.testng.Assert.assertEquals(Assert.java:442)
at testNgPractice.ITestListenersDemoTest.E(ITestListenersDemoTest.java:28)
at java.base/jdk.internal.reflect.NativeMethodAccessorImpl.invoke0(Native Method)
at java.base/jdk.internal.reflect.NativeMethodAccessorImpl.invoke(NativeMethodAccessorImpl.java:77)
at java.base/jdk.internal.reflect.DelegatingMethodAccessorImpl.invoke(DelegatingMethodAccessorImpl.java:43)
at java.base/java.lang.reflect.Method.invoke(Method.java:568)
at org.testng.internal.MethodInvocationHelper.invokeMethod(MethodInvocationHelper.java:124)
at org.testng.internal.Invoker.invokeMethod(Invoker.java:583)
at org.testng.internal.Invoker.invokeTestMethod(Invoker.java:719)
at org.testng.internal.Invoker.invokeTestMethods(Invoker.java:989)
at org.testng.internal.TestMethodWorker.invokeTestMethods(TestMethodWorker.java:125)
at org.testng.internal.TestMethodWorker.run(TestMethodWorker.java:109)
at org.testng.TestRunner.privateRun(TestRunner.java:648)
at org.testng.TestRunner.run(TestRunner.java:505)
at org.testng.SuiteRunner.runTest(SuiteRunner.java:455)
at org.testng.SuiteRunner.runSequentially(SuiteRunner.java:450)
at org.testng.SuiteRunner.privateRun(SuiteRunner.java:415)
at org.testng.SuiteRunner.run(SuiteRunner.java:364)
at org.testng.SuiteRunnerWorker.runSuite(SuiteRunnerWorker.java:52)
at org.testng.SuiteRunnerWorker.run(SuiteRunnerWorker.java:84)
at org.testng.TestNG.runSuitesSequentially(TestNG.java:1208)
at org.testng.TestNG.runSuitesLocally(TestNG.java:1137)
at org.testng.TestNG.runSuites(TestNG.java:1049)
at org.testng.TestNG.run(TestNG.java:1017)
at org.testng.remote.AbstractRemoteTestNG.run(AbstractRemoteTestNG.java:115)
at org.testng.remote.RemoteTestNG.initAndRun(RemoteTestNG.java:251)
at org.testng.remote.RemoteTestNG.main(RemoteTestNG.java:77)
]]>
    </failure>
  </testcase> <!-- E -->
  <testcase classname="testNgPractice.ITestListenersDemoTest" name="F" time="1.021">
    <error message="Method testNgPractice.ITestListenersDemoTest.F() didn&#039;t finish within the time-out 1000" type="org.testng.internal.thread.ThreadTimeoutException">
      <![CDATA[org.testng.internal.thread.ThreadTimeoutException: Method testNgPractice.ITestListenersDemoTest.F() didn't finish within the time-out 1000
at java.base@17.0.5/java.lang.invoke.VarHandle$AccessMode.valueFromMethodName(VarHandle.java:1934)
at java.base@17.0.5/java.lang.invoke.MethodHandleNatives.varHandleOperationLinkerMethod(MethodHandleNatives.java:535)
at java.base@17.0.5/java.lang.invoke.MethodHandleNatives.linkMethodImpl(MethodHandleNatives.java:485)
at java.base@17.0.5/java.lang.invoke.MethodHandleNatives.linkMethod(MethodHandleNatives.java:473)
at java.base@17.0.5/java.util.concurrent.FutureTask.setException(FutureTask.java:247)
at java.base@17.0.5/java.util.concurrent.FutureTask.run(FutureTask.java:269)
at java.base@17.0.5/java.util.concurrent.ThreadPoolExecutor.runWorker(ThreadPoolExecutor.java:1136)
at java.base@17.0.5/java.util.concurrent.ThreadPoolExecutor$Worker.run(ThreadPoolExecutor.java:635)
at java.base@17.0.5/java.lang.Thread.run(Thread.java:833)
]]>
    </error>
  </testcase> <!-- F -->
  <testcase classname="testNgPractice.ITestListenersDemoTest" name="G" time="0.000">
    <skipped/>
  </testcase> <!-- G -->
</testsuite> <!-- testNgPractice.ITestListenersDemoTest -->
